2022-06-27 19:41:35 [scrapy.utils.log] INFO: Scrapy 2.5.0 started (bot: rulespider)
2022-06-27 19:41:35 [scrapy.utils.log] INFO: Versions: lxml 4.6.3.0, libxml2 2.9.5, cssselect 1.1.0, parsel 1.6.0, w3lib 1.22.0, Twisted 22.4.0, Python 3.8.5 (default, Sep  3 2020, 21:29:08) [MSC v.1916 64 bit (AMD64)], pyOpenSSL 20.0.1 (OpenSSL 1.1.1i  8 Dec 2020), cryptography 3.3.2, Platform Windows-10-10.0.19041-SP0
2022-06-27 19:41:35 [scrapy.utils.log] DEBUG: Using reactor: twisted.internet.selectreactor.SelectReactor
2022-06-27 19:41:35 [scrapy.crawler] INFO: Overridden settings:
{'BOT_NAME': 'rulespider',
 'DOWNLOAD_DELAY': 1,
 'DOWNLOAD_FAIL_ON_DATALOSS': False,
 'DUPEFILTER_CLASS': 'scrapy_redis.dupefilter.RFPDupeFilter',
 'LOG_FILE': '../log/scrapy_2022_6_27.log',
 'NEWSPIDER_MODULE': 'rulespider.spiders',
 'SCHEDULER': 'scrapy_redis.scheduler.Scheduler',
 'SPIDER_MODULES': ['rulespider.spiders']}
2022-06-27 19:41:35 [scrapy.extensions.telnet] INFO: Telnet Password: 58a8f87c42bde33f
2022-06-27 19:41:35 [scrapy.middleware] INFO: Enabled extensions:
['scrapy.extensions.corestats.CoreStats',
 'scrapy.extensions.telnet.TelnetConsole',
 'scrapy.extensions.logstats.LogStats']
2022-06-27 19:41:35 [scrapy.middleware] INFO: Enabled downloader middlewares:
['rulespider.middlewares.RulespiderDownloaderMiddleware',
 'scrapy.downloadermiddlewares.httpauth.HttpAuthMiddleware',
 'scrapy.downloadermiddlewares.downloadtimeout.DownloadTimeoutMiddleware',
 'scrapy.downloadermiddlewares.defaultheaders.DefaultHeadersMiddleware',
 'scrapy.downloadermiddlewares.useragent.UserAgentMiddleware',
 'scrapy.downloadermiddlewares.retry.RetryMiddleware',
 'scrapy.downloadermiddlewares.redirect.MetaRefreshMiddleware',
 'scrapy.downloadermiddlewares.httpcompression.HttpCompressionMiddleware',
 'scrapy.downloadermiddlewares.redirect.RedirectMiddleware',
 'scrapy.downloadermiddlewares.cookies.CookiesMiddleware',
 'scrapy.downloadermiddlewares.httpproxy.HttpProxyMiddleware',
 'scrapy.downloadermiddlewares.stats.DownloaderStats']
2022-06-27 19:41:36 [scrapy.middleware] INFO: Enabled spider middlewares:
['scrapy.spidermiddlewares.httperror.HttpErrorMiddleware',
 'scrapy.spidermiddlewares.offsite.OffsiteMiddleware',
 'scrapy.spidermiddlewares.referer.RefererMiddleware',
 'scrapy.spidermiddlewares.urllength.UrlLengthMiddleware',
 'scrapy.spidermiddlewares.depth.DepthMiddleware']
2022-06-27 19:41:36 [pykafka.cluster] INFO: Broker version is too old to use automatic API version discovery. Falling back to hardcoded versions list.
2022-06-27 19:41:36 [pykafka.cluster] DEBUG: Updating cluster, attempt 1/3
2022-06-27 19:41:36 [pykafka.connection] DEBUG: Connecting to 10.0.4.33:9092
2022-06-27 19:41:36 [pykafka.connection] DEBUG: Successfully connected to 10.0.4.33:9092
2022-06-27 19:41:36 [pykafka.handlers] INFO: RequestHandler.stop: about to flush requests queue
2022-06-27 19:41:36 [pykafka.cluster] INFO: Discovered 1 brokers
2022-06-27 19:41:36 [pykafka.cluster] DEBUG: Discovered broker id 1: b'10.0.4.33':9092
2022-06-27 19:41:36 [pykafka.connection] DEBUG: Connecting to b'10.0.4.33':9092
2022-06-27 19:41:36 [pykafka.connection] DEBUG: Successfully connected to b'10.0.4.33':9092
2022-06-27 19:41:36 [pykafka.cluster] INFO: Discovered 59 topics
2022-06-27 19:41:36 [pykafka.cluster] DEBUG: Discovered topic 'b'ready_task_channel''
2022-06-27 19:41:36 [pykafka.cluster] DEBUG: Discovered topic 'b'web_crawler_app_info_topic1''
2022-06-27 19:41:36 [pykafka.cluster] DEBUG: Discovered topic 'b'static_task_dumpdex_result_topic''
2022-06-27 19:41:36 [pykafka.cluster] DEBUG: Discovered topic 'b'apk_task_create_topic''
2022-06-27 19:41:36 [pykafka.cluster] DEBUG: Discovered topic 'b'cloudscan-report''
2022-06-27 19:41:36 [pykafka.cluster] DEBUG: Discovered topic 'b'adbox_result_topic''
2022-06-27 19:41:36 [pykafka.cluster] DEBUG: Discovered topic 'b'apk_task_del_topic''
2022-06-27 19:41:36 [pykafka.cluster] DEBUG: Discovered topic 'b'static_task_AI_topic''
2022-06-27 19:41:36 [pykafka.cluster] DEBUG: Discovered topic 'b'web_crawler_app_file_topic1''
2022-06-27 19:41:36 [pykafka.cluster] DEBUG: Discovered topic 'b'task_master_control_result_topic''
2022-06-27 19:41:36 [pykafka.cluster] DEBUG: Discovered topic 'b'available_ftp_server_topic''
2022-06-27 19:41:36 [pykafka.cluster] DEBUG: Discovered topic 'b'adbox_change_level_topic''
2022-06-27 19:41:36 [pykafka.cluster] DEBUG: Discovered topic 'b'static_task_sensitive_result_topic''
2022-06-27 19:41:36 [pykafka.cluster] DEBUG: Discovered topic 'b'app_info_topic''
2022-06-27 19:41:36 [pykafka.cluster] DEBUG: Discovered topic 'b'adbox_dumpdex_topic''
2022-06-27 19:41:36 [pykafka.cluster] DEBUG: Discovered topic 'b'engine_features_result_topic''
2022-06-27 19:41:36 [pykafka.cluster] DEBUG: Discovered topic 'b'apk_task_topic''
2022-06-27 19:41:36 [pykafka.cluster] DEBUG: Discovered topic 'b'download_url_topic''
2022-06-27 19:41:36 [pykafka.cluster] DEBUG: Discovered topic 'b'app_theme_lib_etl_topic''
2022-06-27 19:41:36 [pykafka.cluster] DEBUG: Discovered topic 'b'static_task_virus_result_topic''
2022-06-27 19:41:36 [pykafka.cluster] DEBUG: Discovered topic 'b'crawler_search_task_complete_stream_local''
2022-06-27 19:41:36 [pykafka.cluster] DEBUG: Discovered topic 'b'send_apk_task_topic''
2022-06-27 19:41:36 [pykafka.cluster] DEBUG: Discovered topic 'b'web_crawler_app_ios_info_topic''
2022-06-27 19:41:36 [pykafka.cluster] DEBUG: Discovered topic 'b'static_illegal_result_topic''
2022-06-27 19:41:36 [pykafka.cluster] DEBUG: Discovered topic 'b'crawler_topic1''
2022-06-27 19:41:36 [pykafka.cluster] DEBUG: Discovered topic 'b'engine_status_topic''
2022-06-27 19:41:36 [pykafka.cluster] DEBUG: Discovered topic 'b'static_task_topic''
2022-06-27 19:41:36 [pykafka.cluster] DEBUG: Discovered topic 'b'web_crawler_app_file_result_topic1''
2022-06-27 19:41:36 [pykafka.cluster] DEBUG: Discovered topic 'b'static_task_api_result_topic''
2022-06-27 19:41:36 [pykafka.cluster] DEBUG: Discovered topic 'b'web_crawler_app_file_pro_topic''
2022-06-27 19:41:36 [pykafka.cluster] DEBUG: Discovered topic 'b'apk_info_process_url_topic''
2022-06-27 19:41:36 [pykafka.cluster] DEBUG: Discovered topic 'b'cloudscan-error''
2022-06-27 19:41:36 [pykafka.cluster] DEBUG: Discovered topic 'b'static_task_ios_common_result_topic''
2022-06-27 19:41:36 [pykafka.cluster] DEBUG: Discovered topic 'b'adbox_manual_result_topic''
2022-06-27 19:41:36 [pykafka.cluster] DEBUG: Discovered topic 'b'adbox_task_topic''
2022-06-27 19:41:36 [pykafka.cluster] DEBUG: Discovered topic 'b'apkinfo_start_data_act_topic''
2022-06-27 19:41:36 [pykafka.cluster] DEBUG: Discovered topic 'b'app_meter_origin_topic''
2022-06-27 19:41:36 [pykafka.cluster] DEBUG: Discovered topic 'b'apkinfo_etl_topic''
2022-06-27 19:41:36 [pykafka.cluster] DEBUG: Discovered topic 'b'web_crawler_statistics_everday_topic''
2022-06-27 19:41:36 [pykafka.cluster] DEBUG: Discovered topic 'b'crawler-search-task-result-local''
2022-06-27 19:41:36 [pykafka.cluster] DEBUG: Discovered topic 'b'app_info_down_file_topic''
2022-06-27 19:41:36 [pykafka.cluster] DEBUG: Discovered topic 'b'apkinfo_theme_topic''
2022-06-27 19:41:36 [pykafka.cluster] DEBUG: Discovered topic 'b'pro_task_receive''
2022-06-27 19:41:36 [pykafka.cluster] DEBUG: Discovered topic 'b'static_task_metadata_result_topic''
2022-06-27 19:41:36 [pykafka.cluster] DEBUG: Discovered topic 'b'crawler_platform_task_complete_stream_local''
2022-06-27 19:41:36 [pykafka.cluster] DEBUG: Discovered topic 'b'anti_fraud_topic''
2022-06-27 19:41:36 [pykafka.cluster] DEBUG: Discovered topic 'b'static_task_extra_result_topic''
2022-06-27 19:41:36 [pykafka.cluster] DEBUG: Discovered topic 'b'web_crawler_app_info_topic''
2022-06-27 19:41:36 [pykafka.cluster] DEBUG: Discovered topic 'b'apkinfo_uploaded_topic''
2022-06-27 19:41:36 [pykafka.cluster] DEBUG: Discovered topic 'b'adbox_dumpdex_result_topic''
2022-06-27 19:41:36 [pykafka.cluster] DEBUG: Discovered topic 'b'apk_task_finish_topic''
2022-06-27 19:41:36 [pykafka.cluster] DEBUG: Discovered topic 'b'app_meter_prepare_topic''
2022-06-27 19:41:36 [pykafka.cluster] DEBUG: Discovered topic 'b'adbox_vision_result_topic''
2022-06-27 19:41:36 [pykafka.cluster] DEBUG: Discovered topic 'b'anti_fraud_sync''
2022-06-27 19:41:36 [pykafka.cluster] DEBUG: Discovered topic 'b'judge_fraud_app''
2022-06-27 19:41:36 [pykafka.cluster] DEBUG: Discovered topic 'b'static_task_inner_AI_topic''
2022-06-27 19:41:36 [pykafka.cluster] DEBUG: Discovered topic 'b'engine_update_static_features_topic''
2022-06-27 19:41:36 [pykafka.cluster] DEBUG: Discovered topic 'b'static_task_inner_AI_result_topic''
2022-06-27 19:41:36 [scrapy.middleware] INFO: Enabled item pipelines:
['rulespider.pipelines.RulespiderPipeline']
2022-06-27 19:41:36 [scrapy.core.engine] INFO: Spider opened
2022-06-27 19:41:36 [scrapy.extensions.logstats] INFO: Crawled 0 pages (at 0 pages/min), scraped 0 items (at 0 items/min)
2022-06-27 19:41:36 [monitory] INFO: Spider opened: monitory
2022-06-27 19:41:36 [py.warnings] WARNING: d:\program\anaconda\lib\site-packages\scrapy\spidermiddlewares\offsite.py:69: PortWarning: allowed_domains accepts only domains without ports. Ignoring entry 58.49.62.62:58090 in allowed_domains.
  warnings.warn(message, PortWarning)

2022-06-27 19:41:36 [scrapy.extensions.telnet] INFO: Telnet console listening on 127.0.0.1:6023
2022-06-27 19:41:36 [scrapy.core.engine] DEBUG: Crawled (200) <POST http://127.0.0.1:8090/db/monitorAppData> (referer: None)
2022-06-27 19:41:36 [scrapy.core.engine] INFO: Closing spider (finished)
2022-06-27 19:41:36 [scrapy.statscollectors] INFO: Dumping Scrapy stats:
{'downloader/request_bytes': 496,
 'downloader/request_count': 1,
 'downloader/request_method_count/POST': 1,
 'downloader/response_bytes': 192,
 'downloader/response_count': 1,
 'downloader/response_status_count/200': 1,
 'elapsed_time_seconds': 0.46675,
 'finish_reason': 'finished',
 'finish_time': datetime.datetime(2022, 6, 27, 11, 41, 36, 748190),
 'log_count/DEBUG': 65,
 'log_count/INFO': 15,
 'log_count/WARNING': 1,
 'response_received_count': 1,
 'scheduler/dequeued/redis': 1,
 'scheduler/enqueued/redis': 1,
 'start_time': datetime.datetime(2022, 6, 27, 11, 41, 36, 281440)}
2022-06-27 19:41:36 [scrapy.core.engine] INFO: Spider closed (finished)
